<!DOCTYPE html>

<html>
  <head>
  <meta charset='utf-8'>
  <title>TestNG reports</title>

    <link type="text/css" href="testng-reports1.css" rel="stylesheet" id="ultra" />
    <link type="text/css" href="testng-reports.css" rel="stylesheet" id="retro" disabled="false"/>
    <script type="text/javascript" src="jquery-3.6.0.min.js"></script>
    <script type="text/javascript" src="testng-reports.js"></script>
    <script type="text/javascript" src="https://www.google.com/jsapi"></script>
    <script type='text/javascript'>
      google.load('visualization', '1', {packages:['table']});
      google.setOnLoadCallback(drawTable);
      var suiteTableInitFunctions = new Array();
      var suiteTableData = new Array();
    </script>
    <!--
      <script type="text/javascript" src="jquery-ui/js/jquery-ui-1.8.16.custom.min.js"></script>
     -->
  </head>

  <body>    <div class="top-banner-root">
      <span class="top-banner-title-font">Test results</span>
      <button id="button" class="button">Switch Retro Theme</button> <!-- button -->
      <br/>
      <span class="top-banner-font-1">1 suite, 8 failed tests</span>
    </div> <!-- top-banner-root -->
    <div class="navigator-root">
      <div class="navigator-suite-header">
        <span>All suites</span>
        <a href="#" title="Collapse/expand all the suites" class="collapse-all-link">
          <img src="collapseall.gif" class="collapse-all-icon">
          </img> <!-- collapse-all-icon -->
        </a> <!-- collapse-all-link -->
      </div> <!-- navigator-suite-header -->
      <div class="suite">
        <div class="rounded-window">
          <div class="suite-header light-rounded-window-top">
            <a href="#" panel-name="suite-All_Test_Suite" class="navigator-link">
              <span class="suite-name border-failed">All Test Suite</span>
            </a> <!-- navigator-link -->
          </div> <!-- suite-header light-rounded-window-top -->
          <div class="navigator-suite-content">
            <div class="suite-section-title">
              <span>Info</span>
            </div> <!-- suite-section-title -->
            <div class="suite-section-content">
              <ul>
                <li>
                  <a href="#" panel-name="test-xml-All_Test_Suite" class="navigator-link ">
                    <span>C:\CODE\SKILLO\AT_18\TestNGMVN_Demo\TestNG_MVN_DEMo\testng.xml</span>
                  </a> <!-- navigator-link  -->
                </li>
                <li>
                  <a href="#" panel-name="testlist-All_Test_Suite" class="navigator-link ">
                    <span class="test-stats">1 test</span>
                  </a> <!-- navigator-link  -->
                </li>
                <li>
                  <a href="#" panel-name="group-All_Test_Suite" class="navigator-link ">
                    <span>1 group</span>
                  </a> <!-- navigator-link  -->
                </li>
                <li>
                  <a href="#" panel-name="times-All_Test_Suite" class="navigator-link ">
                    <span>Times</span>
                  </a> <!-- navigator-link  -->
                </li>
                <li>
                  <a href="#" panel-name="reporter-All_Test_Suite" class="navigator-link ">
                    <span>Reporter output</span>
                  </a> <!-- navigator-link  -->
                </li>
                <li>
                  <a href="#" panel-name="ignored-methods-All_Test_Suite" class="navigator-link ">
                    <span>Ignored methods</span>
                  </a> <!-- navigator-link  -->
                </li>
                <li>
                  <a href="#" panel-name="chronological-All_Test_Suite" class="navigator-link ">
                    <span>Chronological view</span>
                  </a> <!-- navigator-link  -->
                </li>
              </ul>
            </div> <!-- suite-section-content -->
            <div class="result-section">
              <div class="suite-section-title">
                <span>Results</span>
              </div> <!-- suite-section-title -->
              <div class="suite-section-content">
                <ul>
                  <li>
                    <span class="method-stats">29 methods, 8 failed,   21 passed</span>
                  </li>
                  <li>
                    <span class="method-list-title failed">Failed methods</span>
                    <span class="show-or-hide-methods failed">
                      <a href="#" panel-name="suite-All_Test_Suite" class="hide-methods failed suite-All_Test_Suite"> (hide)</a> <!-- hide-methods failed suite-All_Test_Suite -->
                      <a href="#" panel-name="suite-All_Test_Suite" class="show-methods failed suite-All_Test_Suite"> (show)</a> <!-- show-methods failed suite-All_Test_Suite -->
                    </span>
                    <div class="method-list-content failed suite-All_Test_Suite">
                      <span>
                        <img src="failed.png" width="3%"/>
                        <a href="#" panel-name="suite-All_Test_Suite" title="com.n3qa.lecture14.testng.a1_assertions.SoftAssertExample" class="method navigator-link" hash-for-method="myTest">myTest</a> <!-- method navigator-link -->
                      </span>
                      <br/>
                      <span>
                        <img src="failed.png" width="3%"/>
                        <a href="#" panel-name="suite-All_Test_Suite" title="com.n3qa.lecture14.testng.a1_assertions.HardAssertExample" class="method navigator-link" hash-for-method="myTest">myTest</a> <!-- method navigator-link -->
                      </span>
                      <br/>
                      <span>
                        <img src="failed.png" width="3%"/>
                        <a href="#" panel-name="suite-All_Test_Suite" title="com.n3qa.lecture14.testng.a1_assertions.AssertNotNullDemonstration" class="method navigator-link" hash-for-method="verifyProvidedTextIsNotNull_FAIL">verifyProvidedTextIsNotNull_FAIL</a> <!-- method navigator-link -->
                      </span>
                      <br/>
                      <span>
                        <img src="failed.png" width="3%"/>
                        <a href="#" panel-name="suite-All_Test_Suite" title="com.n3qa.lecture14.testng.a1_assertions.AssertNotNullDemonstration" class="method navigator-link" hash-for-method="verifyProvidedTextIsNotNull_FAIL_With_MSG">verifyProvidedTextIsNotNull_FAIL_With_MSG</a> <!-- method navigator-link -->
                      </span>
                      <br/>
                      <span>
                        <img src="failed.png" width="3%"/>
                        <a href="#" panel-name="suite-All_Test_Suite" title="com.n3qa.lecture14.testng.a1_assertions.AssertEqualsDemonstration" class="method navigator-link" hash-for-method="verifyTheCalculationsAreTheSome">verifyTheCalculationsAreTheSome</a> <!-- method navigator-link -->
                      </span>
                      <br/>
                      <span>
                        <img src="failed.png" width="3%"/>
                        <a href="#" panel-name="suite-All_Test_Suite" title="com.n3qa.lecture14.testng.a1_assertions.AssertEqualsDemonstration" class="method navigator-link" hash-for-method="verifyTheDoulbeNumberAreTheSome">verifyTheDoulbeNumberAreTheSome</a> <!-- method navigator-link -->
                      </span>
                      <br/>
                      <span>
                        <img src="failed.png" width="3%"/>
                        <a href="#" panel-name="suite-All_Test_Suite" title="com.n3qa.lecture14.testng.a1_assertions.AssertEqualsDemonstration" class="method navigator-link" hash-for-method="verifyTheFirstNumberIsBigger">verifyTheFirstNumberIsBigger</a> <!-- method navigator-link -->
                      </span>
                      <br/>
                      <span>
                        <img src="failed.png" width="3%"/>
                        <a href="#" panel-name="suite-All_Test_Suite" title="com.n3qa.lecture14.testng.a1_assertions.AssertEqualsDemonstration" class="method navigator-link" hash-for-method="verifyTheWordsAreTheSome">verifyTheWordsAreTheSome</a> <!-- method navigator-link -->
                      </span>
                      <br/>
                    </div> <!-- method-list-content failed suite-All_Test_Suite -->
                  </li>
                  <li>
                    <span class="method-list-title passed">Passed methods</span>
                    <span class="show-or-hide-methods passed">
                      <a href="#" panel-name="suite-All_Test_Suite" class="hide-methods passed suite-All_Test_Suite"> (hide)</a> <!-- hide-methods passed suite-All_Test_Suite -->
                      <a href="#" panel-name="suite-All_Test_Suite" class="show-methods passed suite-All_Test_Suite"> (show)</a> <!-- show-methods passed suite-All_Test_Suite -->
                    </span>
                    <div class="method-list-content passed suite-All_Test_Suite">
                      <span>
                        <img src="passed.png" width="3%"/>
                        <a href="#" panel-name="suite-All_Test_Suite" title="com.n3qa.lecture14.testng.a3_prio.PriorityDemonstration" class="method navigator-link" hash-for-method="firstPriorityTestCase">firstPriorityTestCase</a> <!-- method navigator-link -->
                      </span>
                      <br/>
                      <span>
                        <img src="passed.png" width="3%"/>
                        <a href="#" panel-name="suite-All_Test_Suite" title="com.n3qa.lecture14.testng.a1_assertions.HardAssertTryCatchExample" class="method navigator-link" hash-for-method="myTest">myTest</a> <!-- method navigator-link -->
                      </span>
                      <br/>
                      <span>
                        <img src="passed.png" width="3%"/>
                        <a href="#" panel-name="suite-All_Test_Suite" title="com.n3qa.lecture14.testng.a1_assertions.HardAssertExample" class="method navigator-link" hash-for-method="myTestTwo">myTestTwo</a> <!-- method navigator-link -->
                      </span>
                      <br/>
                      <span>
                        <img src="passed.png" width="3%"/>
                        <a href="#" panel-name="suite-All_Test_Suite" title="com.n3qa.lecture14.testng.a1_assertions.SoftAssertExample" class="method navigator-link" hash-for-method="myTestTwo">myTestTwo</a> <!-- method navigator-link -->
                      </span>
                      <br/>
                      <span>
                        <img src="passed.png" width="3%"/>
                        <a href="#" panel-name="suite-All_Test_Suite" title="com.n3qa.lecture14.testng.a1_assertions.HardAssertTryCatchExample" class="method navigator-link" hash-for-method="myTestTwo">myTestTwo</a> <!-- method navigator-link -->
                      </span>
                      <br/>
                      <span>
                        <img src="passed.png" width="3%"/>
                        <a href="#" panel-name="suite-All_Test_Suite" title="com.n3qa.lecture14.testng.a3_prio.PriorityDemonstration" class="method navigator-link" hash-for-method="secondPriorityTestCase">secondPriorityTestCase</a> <!-- method navigator-link -->
                      </span>
                      <br/>
                      <span>
                        <img src="passed.png" width="3%"/>
                        <a href="#" panel-name="suite-All_Test_Suite" title="com.n3qa.lecture14.testng.a5_grouping.SecondGroupingDemonstration" class="method navigator-link" hash-for-method="someTestCaseLivesHere">someTestCaseLivesHere</a> <!-- method navigator-link -->
                      </span>
                      <br/>
                      <span>
                        <img src="passed.png" width="3%"/>
                        <a href="#" panel-name="suite-All_Test_Suite" title="com.n3qa.lecture14.testng.a3_prio.PriorityDemonstration" class="method navigator-link" hash-for-method="thirdPriorityTestCase">thirdPriorityTestCase</a> <!-- method navigator-link -->
                      </span>
                      <br/>
                      <span>
                        <img src="passed.png" width="3%"/>
                        <a href="#" panel-name="suite-All_Test_Suite" title="com.n3qa.lecture14.testng.a4_dependings.DependencyDemonstration" class="method navigator-link" hash-for-method="verifyCarEngineCanStart">verifyCarEngineCanStart</a> <!-- method navigator-link -->
                      </span>
                      <br/>
                      <span>
                        <img src="passed.png" width="3%"/>
                        <a href="#" panel-name="suite-All_Test_Suite" title="com.n3qa.lecture14.testng.a1_assertions.AssertFalseDemonstration" class="method navigator-link" hash-for-method="verifyFirstProvidedNumberIsBiggerThanTheSecondProvidedNumber">verifyFirstProvidedNumberIsBiggerThanTheSecondProvidedNumber</a> <!-- method navigator-link -->
                      </span>
                      <br/>
                      <span>
                        <img src="passed.png" width="3%"/>
                        <a href="#" panel-name="suite-All_Test_Suite" title="com.n3qa.lecture14.testng.a4_dependings.DependencyDemonstration" class="method navigator-link" hash-for-method="verifyFrontTyresDirectionControlledByCarWheelMovement">verifyFrontTyresDirectionControlledByCarWheelMovement</a> <!-- method navigator-link -->
                      </span>
                      <br/>
                      <span>
                        <img src="passed.png" width="3%"/>
                        <a href="#" panel-name="suite-All_Test_Suite" title="com.n3qa.lecture14.testng.a1_assertions.AssertNotSameExample" class="method navigator-link" hash-for-method="verifyTheProvidedTextsAreNotTheSame">verifyTheProvidedTextsAreNotTheSame</a> <!-- method navigator-link -->
                      </span>
                      <br/>
                      <span>
                        <img src="passed.png" width="3%"/>
                        <a href="#" panel-name="suite-All_Test_Suite" title="com.n3qa.lecture14.testng.a1_assertions.AssertNotSameExample" class="method navigator-link" hash-for-method="verifyTheProvidedTextsAreNotTheSameMSGonFail">verifyTheProvidedTextsAreNotTheSameMSGonFail</a> <!-- method navigator-link -->
                      </span>
                      <br/>
                      <span>
                        <img src="passed.png" width="3%"/>
                        <a href="#" panel-name="suite-All_Test_Suite" title="com.n3qa.lecture14.testng.a1_assertions.AssertNotNullDemonstration" class="method navigator-link" hash-for-method="verifyThereIsNoNullTextProvided">verifyThereIsNoNullTextProvided</a> <!-- method navigator-link -->
                      </span>
                      <br/>
                      <span>
                        <img src="passed.png" width="3%"/>
                        <a href="#" panel-name="suite-All_Test_Suite" title="com.n3qa.lecture14.testng.a1_assertions.AssertNotNullDemonstration" class="method navigator-link" hash-for-method="verifyThereIsNoNullTextProvidedMSGonFail">verifyThereIsNoNullTextProvidedMSGonFail</a> <!-- method navigator-link -->
                      </span>
                      <br/>
                      <span>
                        <img src="passed.png" width="3%"/>
                        <a href="#" panel-name="suite-All_Test_Suite" title="com.n3qa.lecture14.testng.a2_annotations.before.LoginFeature" class="method navigator-link" hash-for-method="verifyUserCanCreateANewPost">verifyUserCanCreateANewPost</a> <!-- method navigator-link -->
                      </span>
                      <br/>
                      <span>
                        <img src="passed.png" width="3%"/>
                        <a href="#" panel-name="suite-All_Test_Suite" title="com.n3qa.lecture14.testng.a2_annotations.before.PostFeature" class="method navigator-link" hash-for-method="verifyUserCanCreateANewPost">verifyUserCanCreateANewPost</a> <!-- method navigator-link -->
                      </span>
                      <br/>
                      <span>
                        <img src="passed.png" width="3%"/>
                        <a href="#" panel-name="suite-All_Test_Suite" title="com.n3qa.lecture14.testng.a4_dependings.DependencyDemonstration" class="method navigator-link" hash-for-method="verifyUserCanDecreaseSpeedLevelByGasPedal">verifyUserCanDecreaseSpeedLevelByGasPedal</a> <!-- method navigator-link -->
                      </span>
                      <br/>
                      <span>
                        <img src="passed.png" width="3%"/>
                        <a href="#" panel-name="suite-All_Test_Suite" title="com.n3qa.lecture14.testng.a4_dependings.DependencyDemonstration" class="method navigator-link" hash-for-method="verifyUserCanIncreaseSpeedLevelByGasPedal">verifyUserCanIncreaseSpeedLevelByGasPedal</a> <!-- method navigator-link -->
                      </span>
                      <br/>
                      <span>
                        <img src="passed.png" width="3%"/>
                        <a href="#" panel-name="suite-All_Test_Suite" title="com.n3qa.lecture14.testng.a2_annotations.before.PostFeature" class="method navigator-link" hash-for-method="verifyUserCanUpdateProfileGenderInformation">verifyUserCanUpdateProfileGenderInformation</a> <!-- method navigator-link -->
                      </span>
                      <br/>
                      <span>
                        <img src="passed.png" width="3%"/>
                        <a href="#" panel-name="suite-All_Test_Suite" title="com.n3qa.lecture14.testng.a2_annotations.before.LoginFeature" class="method navigator-link" hash-for-method="verifyUserCanUpdateProfileGenderInformation">verifyUserCanUpdateProfileGenderInformation</a> <!-- method navigator-link -->
                      </span>
                      <br/>
                    </div> <!-- method-list-content passed suite-All_Test_Suite -->
                  </li>
                </ul>
              </div> <!-- suite-section-content -->
            </div> <!-- result-section -->
          </div> <!-- navigator-suite-content -->
        </div> <!-- rounded-window -->
      </div> <!-- suite -->
    </div> <!-- navigator-root -->
    <div class="wrapper">
      <div class="main-panel-root">
        <div panel-name="suite-All_Test_Suite" class="panel All_Test_Suite">
          <div class="suite-All_Test_Suite-class-failed">
            <div class="main-panel-header rounded-window-top">
              <img src="failed.png"/>
              <span class="class-name">com.n3qa.lecture14.testng.a1_assertions.SoftAssertExample</span>
            </div> <!-- main-panel-header rounded-window-top -->
            <div class="main-panel-content rounded-window-bottom">
              <div class="method">
                <div class="method-content">
                  <a name="myTest">
                  </a> <!-- myTest -->
                  <span class="method-name">myTest</span>
                  <div class="stack-trace">java.lang.AssertionError: The following asserts failed:
	expected [true] but found [false],
	expected [true] but found [false]
	at org.testng.asserts.SoftAssert.assertAll(SoftAssert.java:46)
	at org.testng.asserts.SoftAssert.assertAll(SoftAssert.java:30)
	at com.n3qa.lecture14.testng.a1_assertions.SoftAssertExample.myTest(SoftAssertExample.java:22)
	at java.base/jdk.internal.reflect.DirectMethodHandleAccessor.invoke(DirectMethodHandleAccessor.java:103)
	at java.base/java.lang.reflect.Method.invoke(Method.java:580)
	at org.testng.internal.invokers.MethodInvocationHelper.invokeMethod(MethodInvocationHelper.java:141)
	at org.testng.internal.invokers.TestInvoker.invokeMethod(TestInvoker.java:686)
	at org.testng.internal.invokers.TestInvoker.invokeTestMethod(TestInvoker.java:230)
	at org.testng.internal.invokers.MethodRunner.runInSequence(MethodRunner.java:63)
	at org.testng.internal.invokers.TestInvoker$MethodInvocationAgent.invoke(TestInvoker.java:992)
	at org.testng.internal.invokers.TestInvoker.invokeTestMethods(TestInvoker.java:203)
	at org.testng.internal.invokers.TestMethodWorker.invokeTestMethods(TestMethodWorker.java:154)
	at org.testng.internal.invokers.TestMethodWorker.run(TestMethodWorker.java:134)
	at java.base/java.util.ArrayList.forEach(ArrayList.java:1597)
	at org.testng.TestRunner.privateRun(TestRunner.java:739)
	at org.testng.TestRunner.run(TestRunner.java:614)
	at org.testng.SuiteRunner.runTest(SuiteRunner.java:421)
	at org.testng.SuiteRunner.runSequentially(SuiteRunner.java:413)
	at org.testng.SuiteRunner.privateRun(SuiteRunner.java:373)
	at org.testng.SuiteRunner.run(SuiteRunner.java:312)
	at org.testng.SuiteRunnerWorker.runSuite(SuiteRunnerWorker.java:52)
	at org.testng.SuiteRunnerWorker.run(SuiteRunnerWorker.java:95)
	at org.testng.TestNG.runSuitesSequentially(TestNG.java:1274)
	at org.testng.TestNG.runSuitesLocally(TestNG.java:1208)
	at org.testng.TestNG.runSuites(TestNG.java:1112)
	at org.testng.TestNG.run(TestNG.java:1079)
	at org.apache.maven.surefire.testng.TestNGExecutor.run(TestNGExecutor.java:324)
	at org.apache.maven.surefire.testng.TestNGXmlTestSuite.execute(TestNGXmlTestSuite.java:74)
	at org.apache.maven.surefire.testng.TestNGProvider.invoke(TestNGProvider.java:123)
	at org.apache.maven.surefire.booter.ForkedBooter.runSuitesInProcess(ForkedBooter.java:456)
	at org.apache.maven.surefire.booter.ForkedBooter.execute(ForkedBooter.java:169)
	at org.apache.maven.surefire.booter.ForkedBooter.run(ForkedBooter.java:595)
	at org.apache.maven.surefire.booter.ForkedBooter.main(ForkedBooter.java:581)

</div> <!-- stack-trace -->
                </div> <!-- method-content -->
              </div> <!-- method -->
            </div> <!-- main-panel-content rounded-window-bottom -->
          </div> <!-- suite-All_Test_Suite-class-failed -->
          <div class="suite-All_Test_Suite-class-failed">
            <div class="main-panel-header rounded-window-top">
              <img src="failed.png"/>
              <span class="class-name">com.n3qa.lecture14.testng.a1_assertions.AssertEqualsDemonstration</span>
            </div> <!-- main-panel-header rounded-window-top -->
            <div class="main-panel-content rounded-window-bottom">
              <div class="method">
                <div class="method-content">
                  <a name="verifyTheCalculationsAreTheSome">
                  </a> <!-- verifyTheCalculationsAreTheSome -->
                  <span class="method-name">verifyTheCalculationsAreTheSome</span>
                  <div class="stack-trace">java.lang.AssertionError: expected:&lt;4&gt; but was:&lt;5&gt;
	at org.testng.AssertJUnit.fail(AssertJUnit.java:65)
	at org.testng.AssertJUnit.failNotEquals(AssertJUnit.java:467)
	at org.testng.AssertJUnit.assertEquals(AssertJUnit.java:88)
	at org.testng.AssertJUnit.assertEquals(AssertJUnit.java:318)
	at org.testng.AssertJUnit.assertEquals(AssertJUnit.java:328)
	at com.n3qa.lecture14.testng.a1_assertions.AssertEqualsDemonstration.verifyTheCalculationsAreTheSome(AssertEqualsDemonstration.java:15)
	at java.base/jdk.internal.reflect.DirectMethodHandleAccessor.invoke(DirectMethodHandleAccessor.java:103)
	at java.base/java.lang.reflect.Method.invoke(Method.java:580)
	at org.testng.internal.invokers.MethodInvocationHelper.invokeMethod(MethodInvocationHelper.java:141)
	at org.testng.internal.invokers.TestInvoker.invokeMethod(TestInvoker.java:686)
	at org.testng.internal.invokers.TestInvoker.invokeTestMethod(TestInvoker.java:230)
	at org.testng.internal.invokers.MethodRunner.runInSequence(MethodRunner.java:63)
	at org.testng.internal.invokers.TestInvoker$MethodInvocationAgent.invoke(TestInvoker.java:992)
	at org.testng.internal.invokers.TestInvoker.invokeTestMethods(TestInvoker.java:203)
	at org.testng.internal.invokers.TestMethodWorker.invokeTestMethods(TestMethodWorker.java:154)
	at org.testng.internal.invokers.TestMethodWorker.run(TestMethodWorker.java:134)
	at java.base/java.util.ArrayList.forEach(ArrayList.java:1597)
	at org.testng.TestRunner.privateRun(TestRunner.java:739)
	at org.testng.TestRunner.run(TestRunner.java:614)
	at org.testng.SuiteRunner.runTest(SuiteRunner.java:421)
	at org.testng.SuiteRunner.runSequentially(SuiteRunner.java:413)
	at org.testng.SuiteRunner.privateRun(SuiteRunner.java:373)
	at org.testng.SuiteRunner.run(SuiteRunner.java:312)
	at org.testng.SuiteRunnerWorker.runSuite(SuiteRunnerWorker.java:52)
	at org.testng.SuiteRunnerWorker.run(SuiteRunnerWorker.java:95)
	at org.testng.TestNG.runSuitesSequentially(TestNG.java:1274)
	at org.testng.TestNG.runSuitesLocally(TestNG.java:1208)
	at org.testng.TestNG.runSuites(TestNG.java:1112)
	at org.testng.TestNG.run(TestNG.java:1079)
	at org.apache.maven.surefire.testng.TestNGExecutor.run(TestNGExecutor.java:324)
	at org.apache.maven.surefire.testng.TestNGXmlTestSuite.execute(TestNGXmlTestSuite.java:74)
	at org.apache.maven.surefire.testng.TestNGProvider.invoke(TestNGProvider.java:123)
	at org.apache.maven.surefire.booter.ForkedBooter.runSuitesInProcess(ForkedBooter.java:456)
	at org.apache.maven.surefire.booter.ForkedBooter.execute(ForkedBooter.java:169)
	at org.apache.maven.surefire.booter.ForkedBooter.run(ForkedBooter.java:595)
	at org.apache.maven.surefire.booter.ForkedBooter.main(ForkedBooter.java:581)

</div> <!-- stack-trace -->
                </div> <!-- method-content -->
              </div> <!-- method -->
              <div class="method">
                <div class="method-content">
                  <a name="verifyTheDoulbeNumberAreTheSome">
                  </a> <!-- verifyTheDoulbeNumberAreTheSome -->
                  <span class="method-name">verifyTheDoulbeNumberAreTheSome</span>
                  <div class="stack-trace">java.lang.AssertionError: expected:&lt;4.109999999999999&gt; but was:&lt;2+2.11&gt;
	at org.testng.AssertJUnit.fail(AssertJUnit.java:65)
	at org.testng.AssertJUnit.failNotEquals(AssertJUnit.java:467)
	at org.testng.AssertJUnit.assertEquals(AssertJUnit.java:88)
	at org.testng.AssertJUnit.assertEquals(AssertJUnit.java:98)
	at com.n3qa.lecture14.testng.a1_assertions.AssertEqualsDemonstration.verifyTheDoulbeNumberAreTheSome(AssertEqualsDemonstration.java:23)
	at java.base/jdk.internal.reflect.DirectMethodHandleAccessor.invoke(DirectMethodHandleAccessor.java:103)
	at java.base/java.lang.reflect.Method.invoke(Method.java:580)
	at org.testng.internal.invokers.MethodInvocationHelper.invokeMethod(MethodInvocationHelper.java:141)
	at org.testng.internal.invokers.TestInvoker.invokeMethod(TestInvoker.java:686)
	at org.testng.internal.invokers.TestInvoker.invokeTestMethod(TestInvoker.java:230)
	at org.testng.internal.invokers.MethodRunner.runInSequence(MethodRunner.java:63)
	at org.testng.internal.invokers.TestInvoker$MethodInvocationAgent.invoke(TestInvoker.java:992)
	at org.testng.internal.invokers.TestInvoker.invokeTestMethods(TestInvoker.java:203)
	at org.testng.internal.invokers.TestMethodWorker.invokeTestMethods(TestMethodWorker.java:154)
	at org.testng.internal.invokers.TestMethodWorker.run(TestMethodWorker.java:134)
	at java.base/java.util.ArrayList.forEach(ArrayList.java:1597)
	at org.testng.TestRunner.privateRun(TestRunner.java:739)
	at org.testng.TestRunner.run(TestRunner.java:614)
	at org.testng.SuiteRunner.runTest(SuiteRunner.java:421)
	at org.testng.SuiteRunner.runSequentially(SuiteRunner.java:413)
	at org.testng.SuiteRunner.privateRun(SuiteRunner.java:373)
	at org.testng.SuiteRunner.run(SuiteRunner.java:312)
	at org.testng.SuiteRunnerWorker.runSuite(SuiteRunnerWorker.java:52)
	at org.testng.SuiteRunnerWorker.run(SuiteRunnerWorker.java:95)
	at org.testng.TestNG.runSuitesSequentially(TestNG.java:1274)
	at org.testng.TestNG.runSuitesLocally(TestNG.java:1208)
	at org.testng.TestNG.runSuites(TestNG.java:1112)
	at org.testng.TestNG.run(TestNG.java:1079)
	at org.apache.maven.surefire.testng.TestNGExecutor.run(TestNGExecutor.java:324)
	at org.apache.maven.surefire.testng.TestNGXmlTestSuite.execute(TestNGXmlTestSuite.java:74)
	at org.apache.maven.surefire.testng.TestNGProvider.invoke(TestNGProvider.java:123)
	at org.apache.maven.surefire.booter.ForkedBooter.runSuitesInProcess(ForkedBooter.java:456)
	at org.apache.maven.surefire.booter.ForkedBooter.execute(ForkedBooter.java:169)
	at org.apache.maven.surefire.booter.ForkedBooter.run(ForkedBooter.java:595)
	at org.apache.maven.surefire.booter.ForkedBooter.main(ForkedBooter.java:581)

</div> <!-- stack-trace -->
                </div> <!-- method-content -->
              </div> <!-- method -->
              <div class="method">
                <div class="method-content">
                  <a name="verifyTheFirstNumberIsBigger">
                  </a> <!-- verifyTheFirstNumberIsBigger -->
                  <span class="method-name">verifyTheFirstNumberIsBigger</span>
                  <div class="stack-trace">java.lang.AssertionError: expected:&lt;false&gt; but was:&lt;true&gt;
	at org.testng.AssertJUnit.fail(AssertJUnit.java:65)
	at org.testng.AssertJUnit.failNotEquals(AssertJUnit.java:467)
	at org.testng.AssertJUnit.assertEquals(AssertJUnit.java:88)
	at org.testng.AssertJUnit.assertEquals(AssertJUnit.java:230)
	at org.testng.AssertJUnit.assertEquals(AssertJUnit.java:240)
	at com.n3qa.lecture14.testng.a1_assertions.AssertEqualsDemonstration.verifyTheFirstNumberIsBigger(AssertEqualsDemonstration.java:43)
	at java.base/jdk.internal.reflect.DirectMethodHandleAccessor.invoke(DirectMethodHandleAccessor.java:103)
	at java.base/java.lang.reflect.Method.invoke(Method.java:580)
	at org.testng.internal.invokers.MethodInvocationHelper.invokeMethod(MethodInvocationHelper.java:141)
	at org.testng.internal.invokers.TestInvoker.invokeMethod(TestInvoker.java:686)
	at org.testng.internal.invokers.TestInvoker.invokeTestMethod(TestInvoker.java:230)
	at org.testng.internal.invokers.MethodRunner.runInSequence(MethodRunner.java:63)
	at org.testng.internal.invokers.TestInvoker$MethodInvocationAgent.invoke(TestInvoker.java:992)
	at org.testng.internal.invokers.TestInvoker.invokeTestMethods(TestInvoker.java:203)
	at org.testng.internal.invokers.TestMethodWorker.invokeTestMethods(TestMethodWorker.java:154)
	at org.testng.internal.invokers.TestMethodWorker.run(TestMethodWorker.java:134)
	at java.base/java.util.ArrayList.forEach(ArrayList.java:1597)
	at org.testng.TestRunner.privateRun(TestRunner.java:739)
	at org.testng.TestRunner.run(TestRunner.java:614)
	at org.testng.SuiteRunner.runTest(SuiteRunner.java:421)
	at org.testng.SuiteRunner.runSequentially(SuiteRunner.java:413)
	at org.testng.SuiteRunner.privateRun(SuiteRunner.java:373)
	at org.testng.SuiteRunner.run(SuiteRunner.java:312)
	at org.testng.SuiteRunnerWorker.runSuite(SuiteRunnerWorker.java:52)
	at org.testng.SuiteRunnerWorker.run(SuiteRunnerWorker.java:95)
	at org.testng.TestNG.runSuitesSequentially(TestNG.java:1274)
	at org.testng.TestNG.runSuitesLocally(TestNG.java:1208)
	at org.testng.TestNG.runSuites(TestNG.java:1112)
	at org.testng.TestNG.run(TestNG.java:1079)
	at org.apache.maven.surefire.testng.TestNGExecutor.run(TestNGExecutor.java:324)
	at org.apache.maven.surefire.testng.TestNGXmlTestSuite.execute(TestNGXmlTestSuite.java:74)
	at org.apache.maven.surefire.testng.TestNGProvider.invoke(TestNGProvider.java:123)
	at org.apache.maven.surefire.booter.ForkedBooter.runSuitesInProcess(ForkedBooter.java:456)
	at org.apache.maven.surefire.booter.ForkedBooter.execute(ForkedBooter.java:169)
	at org.apache.maven.surefire.booter.ForkedBooter.run(ForkedBooter.java:595)
	at org.apache.maven.surefire.booter.ForkedBooter.main(ForkedBooter.java:581)

</div> <!-- stack-trace -->
                </div> <!-- method-content -->
              </div> <!-- method -->
              <div class="method">
                <div class="method-content">
                  <a name="verifyTheWordsAreTheSome">
                  </a> <!-- verifyTheWordsAreTheSome -->
                  <span class="method-name">verifyTheWordsAreTheSome</span>
                  <div class="stack-trace">java.lang.AssertionError: expected:&lt;Hello Adam&gt; but was:&lt;Hello Adaam!&gt;
	at org.testng.AssertJUnit.assertEquals(AssertJUnit.java:115)
	at org.testng.AssertJUnit.assertEquals(AssertJUnit.java:125)
	at com.n3qa.lecture14.testng.a1_assertions.AssertEqualsDemonstration.verifyTheWordsAreTheSome(AssertEqualsDemonstration.java:32)
	at java.base/jdk.internal.reflect.DirectMethodHandleAccessor.invoke(DirectMethodHandleAccessor.java:103)
	at java.base/java.lang.reflect.Method.invoke(Method.java:580)
	at org.testng.internal.invokers.MethodInvocationHelper.invokeMethod(MethodInvocationHelper.java:141)
	at org.testng.internal.invokers.TestInvoker.invokeMethod(TestInvoker.java:686)
	at org.testng.internal.invokers.TestInvoker.invokeTestMethod(TestInvoker.java:230)
	at org.testng.internal.invokers.MethodRunner.runInSequence(MethodRunner.java:63)
	at org.testng.internal.invokers.TestInvoker$MethodInvocationAgent.invoke(TestInvoker.java:992)
	at org.testng.internal.invokers.TestInvoker.invokeTestMethods(TestInvoker.java:203)
	at org.testng.internal.invokers.TestMethodWorker.invokeTestMethods(TestMethodWorker.java:154)
	at org.testng.internal.invokers.TestMethodWorker.run(TestMethodWorker.java:134)
	at java.base/java.util.ArrayList.forEach(ArrayList.java:1597)
	at org.testng.TestRunner.privateRun(TestRunner.java:739)
	at org.testng.TestRunner.run(TestRunner.java:614)
	at org.testng.SuiteRunner.runTest(SuiteRunner.java:421)
	at org.testng.SuiteRunner.runSequentially(SuiteRunner.java:413)
	at org.testng.SuiteRunner.privateRun(SuiteRunner.java:373)
	at org.testng.SuiteRunner.run(SuiteRunner.java:312)
	at org.testng.SuiteRunnerWorker.runSuite(SuiteRunnerWorker.java:52)
	at org.testng.SuiteRunnerWorker.run(SuiteRunnerWorker.java:95)
	at org.testng.TestNG.runSuitesSequentially(TestNG.java:1274)
	at org.testng.TestNG.runSuitesLocally(TestNG.java:1208)
	at org.testng.TestNG.runSuites(TestNG.java:1112)
	at org.testng.TestNG.run(TestNG.java:1079)
	at org.apache.maven.surefire.testng.TestNGExecutor.run(TestNGExecutor.java:324)
	at org.apache.maven.surefire.testng.TestNGXmlTestSuite.execute(TestNGXmlTestSuite.java:74)
	at org.apache.maven.surefire.testng.TestNGProvider.invoke(TestNGProvider.java:123)
	at org.apache.maven.surefire.booter.ForkedBooter.runSuitesInProcess(ForkedBooter.java:456)
	at org.apache.maven.surefire.booter.ForkedBooter.execute(ForkedBooter.java:169)
	at org.apache.maven.surefire.booter.ForkedBooter.run(ForkedBooter.java:595)
	at org.apache.maven.surefire.booter.ForkedBooter.main(ForkedBooter.java:581)

</div> <!-- stack-trace -->
                </div> <!-- method-content -->
              </div> <!-- method -->
            </div> <!-- main-panel-content rounded-window-bottom -->
          </div> <!-- suite-All_Test_Suite-class-failed -->
          <div class="suite-All_Test_Suite-class-failed">
            <div class="main-panel-header rounded-window-top">
              <img src="failed.png"/>
              <span class="class-name">com.n3qa.lecture14.testng.a1_assertions.AssertNotNullDemonstration</span>
            </div> <!-- main-panel-header rounded-window-top -->
            <div class="main-panel-content rounded-window-bottom">
              <div class="method">
                <div class="method-content">
                  <a name="verifyProvidedTextIsNotNull_FAIL">
                  </a> <!-- verifyProvidedTextIsNotNull_FAIL -->
                  <span class="method-name">verifyProvidedTextIsNotNull_FAIL</span>
                  <div class="stack-trace">java.lang.AssertionError: expected object to not be null
	at org.testng.Assert.fail(Assert.java:111)
	at org.testng.Assert.assertNotNull(Assert.java:1484)
	at org.testng.Assert.assertNotNull(Assert.java:1468)
	at com.n3qa.lecture14.testng.a1_assertions.AssertNotNullDemonstration.verifyProvidedTextIsNotNull_FAIL(AssertNotNullDemonstration.java:55)
	at java.base/jdk.internal.reflect.DirectMethodHandleAccessor.invoke(DirectMethodHandleAccessor.java:103)
	at java.base/java.lang.reflect.Method.invoke(Method.java:580)
	at org.testng.internal.invokers.MethodInvocationHelper.invokeMethod(MethodInvocationHelper.java:141)
	at org.testng.internal.invokers.TestInvoker.invokeMethod(TestInvoker.java:686)
	at org.testng.internal.invokers.TestInvoker.invokeTestMethod(TestInvoker.java:230)
	at org.testng.internal.invokers.MethodRunner.runInSequence(MethodRunner.java:63)
	at org.testng.internal.invokers.TestInvoker$MethodInvocationAgent.invoke(TestInvoker.java:992)
	at org.testng.internal.invokers.TestInvoker.invokeTestMethods(TestInvoker.java:203)
	at org.testng.internal.invokers.TestMethodWorker.invokeTestMethods(TestMethodWorker.java:154)
	at org.testng.internal.invokers.TestMethodWorker.run(TestMethodWorker.java:134)
	at java.base/java.util.ArrayList.forEach(ArrayList.java:1597)
	at org.testng.TestRunner.privateRun(TestRunner.java:739)
	at org.testng.TestRunner.run(TestRunner.java:614)
	at org.testng.SuiteRunner.runTest(SuiteRunner.java:421)
	at org.testng.SuiteRunner.runSequentially(SuiteRunner.java:413)
	at org.testng.SuiteRunner.privateRun(SuiteRunner.java:373)
	at org.testng.SuiteRunner.run(SuiteRunner.java:312)
	at org.testng.SuiteRunnerWorker.runSuite(SuiteRunnerWorker.java:52)
	at org.testng.SuiteRunnerWorker.run(SuiteRunnerWorker.java:95)
	at org.testng.TestNG.runSuitesSequentially(TestNG.java:1274)
	at org.testng.TestNG.runSuitesLocally(TestNG.java:1208)
	at org.testng.TestNG.runSuites(TestNG.java:1112)
	at org.testng.TestNG.run(TestNG.java:1079)
	at org.apache.maven.surefire.testng.TestNGExecutor.run(TestNGExecutor.java:324)
	at org.apache.maven.surefire.testng.TestNGXmlTestSuite.execute(TestNGXmlTestSuite.java:74)
	at org.apache.maven.surefire.testng.TestNGProvider.invoke(TestNGProvider.java:123)
	at org.apache.maven.surefire.booter.ForkedBooter.runSuitesInProcess(ForkedBooter.java:456)
	at org.apache.maven.surefire.booter.ForkedBooter.execute(ForkedBooter.java:169)
	at org.apache.maven.surefire.booter.ForkedBooter.run(ForkedBooter.java:595)
	at org.apache.maven.surefire.booter.ForkedBooter.main(ForkedBooter.java:581)

</div> <!-- stack-trace -->
                </div> <!-- method-content -->
              </div> <!-- method -->
              <div class="method">
                <div class="method-content">
                  <a name="verifyProvidedTextIsNotNull_FAIL_With_MSG">
                  </a> <!-- verifyProvidedTextIsNotNull_FAIL_With_MSG -->
                  <span class="method-name">verifyProvidedTextIsNotNull_FAIL_With_MSG</span>
                  <div class="stack-trace">java.lang.AssertionError:  !!! The string is null !!! expected object to not be null
	at org.testng.Assert.fail(Assert.java:111)
	at org.testng.Assert.assertNotNull(Assert.java:1484)
	at com.n3qa.lecture14.testng.a1_assertions.AssertNotNullDemonstration.verifyProvidedTextIsNotNull_FAIL_With_MSG(AssertNotNullDemonstration.java:60)
	at java.base/jdk.internal.reflect.DirectMethodHandleAccessor.invoke(DirectMethodHandleAccessor.java:103)
	at java.base/java.lang.reflect.Method.invoke(Method.java:580)
	at org.testng.internal.invokers.MethodInvocationHelper.invokeMethod(MethodInvocationHelper.java:141)
	at org.testng.internal.invokers.TestInvoker.invokeMethod(TestInvoker.java:686)
	at org.testng.internal.invokers.TestInvoker.invokeTestMethod(TestInvoker.java:230)
	at org.testng.internal.invokers.MethodRunner.runInSequence(MethodRunner.java:63)
	at org.testng.internal.invokers.TestInvoker$MethodInvocationAgent.invoke(TestInvoker.java:992)
	at org.testng.internal.invokers.TestInvoker.invokeTestMethods(TestInvoker.java:203)
	at org.testng.internal.invokers.TestMethodWorker.invokeTestMethods(TestMethodWorker.java:154)
	at org.testng.internal.invokers.TestMethodWorker.run(TestMethodWorker.java:134)
	at java.base/java.util.ArrayList.forEach(ArrayList.java:1597)
	at org.testng.TestRunner.privateRun(TestRunner.java:739)
	at org.testng.TestRunner.run(TestRunner.java:614)
	at org.testng.SuiteRunner.runTest(SuiteRunner.java:421)
	at org.testng.SuiteRunner.runSequentially(SuiteRunner.java:413)
	at org.testng.SuiteRunner.privateRun(SuiteRunner.java:373)
	at org.testng.SuiteRunner.run(SuiteRunner.java:312)
	at org.testng.SuiteRunnerWorker.runSuite(SuiteRunnerWorker.java:52)
	at org.testng.SuiteRunnerWorker.run(SuiteRunnerWorker.java:95)
	at org.testng.TestNG.runSuitesSequentially(TestNG.java:1274)
	at org.testng.TestNG.runSuitesLocally(TestNG.java:1208)
	at org.testng.TestNG.runSuites(TestNG.java:1112)
	at org.testng.TestNG.run(TestNG.java:1079)
	at org.apache.maven.surefire.testng.TestNGExecutor.run(TestNGExecutor.java:324)
	at org.apache.maven.surefire.testng.TestNGXmlTestSuite.execute(TestNGXmlTestSuite.java:74)
	at org.apache.maven.surefire.testng.TestNGProvider.invoke(TestNGProvider.java:123)
	at org.apache.maven.surefire.booter.ForkedBooter.runSuitesInProcess(ForkedBooter.java:456)
	at org.apache.maven.surefire.booter.ForkedBooter.execute(ForkedBooter.java:169)
	at org.apache.maven.surefire.booter.ForkedBooter.run(ForkedBooter.java:595)
	at org.apache.maven.surefire.booter.ForkedBooter.main(ForkedBooter.java:581)

</div> <!-- stack-trace -->
                </div> <!-- method-content -->
              </div> <!-- method -->
            </div> <!-- main-panel-content rounded-window-bottom -->
          </div> <!-- suite-All_Test_Suite-class-failed -->
          <div class="suite-All_Test_Suite-class-failed">
            <div class="main-panel-header rounded-window-top">
              <img src="failed.png"/>
              <span class="class-name">com.n3qa.lecture14.testng.a1_assertions.HardAssertExample</span>
            </div> <!-- main-panel-header rounded-window-top -->
            <div class="main-panel-content rounded-window-bottom">
              <div class="method">
                <div class="method-content">
                  <a name="myTest">
                  </a> <!-- myTest -->
                  <span class="method-name">myTest</span>
                  <div class="stack-trace">java.lang.AssertionError: expected [true] but found [false]
	at org.testng.Assert.fail(Assert.java:111)
	at org.testng.Assert.failNotEquals(Assert.java:1578)
	at org.testng.Assert.assertTrue(Assert.java:57)
	at org.testng.Assert.assertTrue(Assert.java:67)
	at com.n3qa.lecture14.testng.a1_assertions.HardAssertExample.myTest(HardAssertExample.java:11)
	at java.base/jdk.internal.reflect.DirectMethodHandleAccessor.invoke(DirectMethodHandleAccessor.java:103)
	at java.base/java.lang.reflect.Method.invoke(Method.java:580)
	at org.testng.internal.invokers.MethodInvocationHelper.invokeMethod(MethodInvocationHelper.java:141)
	at org.testng.internal.invokers.TestInvoker.invokeMethod(TestInvoker.java:686)
	at org.testng.internal.invokers.TestInvoker.invokeTestMethod(TestInvoker.java:230)
	at org.testng.internal.invokers.MethodRunner.runInSequence(MethodRunner.java:63)
	at org.testng.internal.invokers.TestInvoker$MethodInvocationAgent.invoke(TestInvoker.java:992)
	at org.testng.internal.invokers.TestInvoker.invokeTestMethods(TestInvoker.java:203)
	at org.testng.internal.invokers.TestMethodWorker.invokeTestMethods(TestMethodWorker.java:154)
	at org.testng.internal.invokers.TestMethodWorker.run(TestMethodWorker.java:134)
	at java.base/java.util.ArrayList.forEach(ArrayList.java:1597)
	at org.testng.TestRunner.privateRun(TestRunner.java:739)
	at org.testng.TestRunner.run(TestRunner.java:614)
	at org.testng.SuiteRunner.runTest(SuiteRunner.java:421)
	at org.testng.SuiteRunner.runSequentially(SuiteRunner.java:413)
	at org.testng.SuiteRunner.privateRun(SuiteRunner.java:373)
	at org.testng.SuiteRunner.run(SuiteRunner.java:312)
	at org.testng.SuiteRunnerWorker.runSuite(SuiteRunnerWorker.java:52)
	at org.testng.SuiteRunnerWorker.run(SuiteRunnerWorker.java:95)
	at org.testng.TestNG.runSuitesSequentially(TestNG.java:1274)
	at org.testng.TestNG.runSuitesLocally(TestNG.java:1208)
	at org.testng.TestNG.runSuites(TestNG.java:1112)
	at org.testng.TestNG.run(TestNG.java:1079)
	at org.apache.maven.surefire.testng.TestNGExecutor.run(TestNGExecutor.java:324)
	at org.apache.maven.surefire.testng.TestNGXmlTestSuite.execute(TestNGXmlTestSuite.java:74)
	at org.apache.maven.surefire.testng.TestNGProvider.invoke(TestNGProvider.java:123)
	at org.apache.maven.surefire.booter.ForkedBooter.runSuitesInProcess(ForkedBooter.java:456)
	at org.apache.maven.surefire.booter.ForkedBooter.execute(ForkedBooter.java:169)
	at org.apache.maven.surefire.booter.ForkedBooter.run(ForkedBooter.java:595)
	at org.apache.maven.surefire.booter.ForkedBooter.main(ForkedBooter.java:581)

</div> <!-- stack-trace -->
                </div> <!-- method-content -->
              </div> <!-- method -->
            </div> <!-- main-panel-content rounded-window-bottom -->
          </div> <!-- suite-All_Test_Suite-class-failed -->
          <div class="suite-All_Test_Suite-class-passed">
            <div class="main-panel-header rounded-window-top">
              <img src="passed.png"/>
              <span class="class-name">com.n3qa.lecture14.testng.a5_grouping.SecondGroupingDemonstration</span>
            </div> <!-- main-panel-header rounded-window-top -->
            <div class="main-panel-content rounded-window-bottom">
              <div class="method">
                <div class="method-content">
                  <a name="someTestCaseLivesHere">
                  </a> <!-- someTestCaseLivesHere -->
                  <span class="method-name">someTestCaseLivesHere</span>
                </div> <!-- method-content -->
              </div> <!-- method -->
            </div> <!-- main-panel-content rounded-window-bottom -->
          </div> <!-- suite-All_Test_Suite-class-passed -->
          <div class="suite-All_Test_Suite-class-passed">
            <div class="main-panel-header rounded-window-top">
              <img src="passed.png"/>
              <span class="class-name">com.n3qa.lecture14.testng.a2_annotations.before.PostFeature</span>
            </div> <!-- main-panel-header rounded-window-top -->
            <div class="main-panel-content rounded-window-bottom">
              <div class="method">
                <div class="method-content">
                  <a name="verifyUserCanCreateANewPost">
                  </a> <!-- verifyUserCanCreateANewPost -->
                  <span class="method-name">verifyUserCanCreateANewPost</span>
                </div> <!-- method-content -->
              </div> <!-- method -->
              <div class="method">
                <div class="method-content">
                  <a name="verifyUserCanUpdateProfileGenderInformation">
                  </a> <!-- verifyUserCanUpdateProfileGenderInformation -->
                  <span class="method-name">verifyUserCanUpdateProfileGenderInformation</span>
                </div> <!-- method-content -->
              </div> <!-- method -->
            </div> <!-- main-panel-content rounded-window-bottom -->
          </div> <!-- suite-All_Test_Suite-class-passed -->
          <div class="suite-All_Test_Suite-class-passed">
            <div class="main-panel-header rounded-window-top">
              <img src="passed.png"/>
              <span class="class-name">com.n3qa.lecture14.testng.a1_assertions.HardAssertTryCatchExample</span>
            </div> <!-- main-panel-header rounded-window-top -->
            <div class="main-panel-content rounded-window-bottom">
              <div class="method">
                <div class="method-content">
                  <a name="myTest">
                  </a> <!-- myTest -->
                  <span class="method-name">myTest</span>
                </div> <!-- method-content -->
              </div> <!-- method -->
              <div class="method">
                <div class="method-content">
                  <a name="myTestTwo">
                  </a> <!-- myTestTwo -->
                  <span class="method-name">myTestTwo</span>
                </div> <!-- method-content -->
              </div> <!-- method -->
            </div> <!-- main-panel-content rounded-window-bottom -->
          </div> <!-- suite-All_Test_Suite-class-passed -->
          <div class="suite-All_Test_Suite-class-passed">
            <div class="main-panel-header rounded-window-top">
              <img src="passed.png"/>
              <span class="class-name">com.n3qa.lecture14.testng.a1_assertions.SoftAssertExample</span>
            </div> <!-- main-panel-header rounded-window-top -->
            <div class="main-panel-content rounded-window-bottom">
              <div class="method">
                <div class="method-content">
                  <a name="myTestTwo">
                  </a> <!-- myTestTwo -->
                  <span class="method-name">myTestTwo</span>
                </div> <!-- method-content -->
              </div> <!-- method -->
            </div> <!-- main-panel-content rounded-window-bottom -->
          </div> <!-- suite-All_Test_Suite-class-passed -->
          <div class="suite-All_Test_Suite-class-passed">
            <div class="main-panel-header rounded-window-top">
              <img src="passed.png"/>
              <span class="class-name">com.n3qa.lecture14.testng.a2_annotations.before.LoginFeature</span>
            </div> <!-- main-panel-header rounded-window-top -->
            <div class="main-panel-content rounded-window-bottom">
              <div class="method">
                <div class="method-content">
                  <a name="verifyUserCanCreateANewPost">
                  </a> <!-- verifyUserCanCreateANewPost -->
                  <span class="method-name">verifyUserCanCreateANewPost</span>
                </div> <!-- method-content -->
              </div> <!-- method -->
              <div class="method">
                <div class="method-content">
                  <a name="verifyUserCanUpdateProfileGenderInformation">
                  </a> <!-- verifyUserCanUpdateProfileGenderInformation -->
                  <span class="method-name">verifyUserCanUpdateProfileGenderInformation</span>
                </div> <!-- method-content -->
              </div> <!-- method -->
            </div> <!-- main-panel-content rounded-window-bottom -->
          </div> <!-- suite-All_Test_Suite-class-passed -->
          <div class="suite-All_Test_Suite-class-passed">
            <div class="main-panel-header rounded-window-top">
              <img src="passed.png"/>
              <span class="class-name">com.n3qa.lecture14.testng.a1_assertions.AssertNotNullDemonstration</span>
            </div> <!-- main-panel-header rounded-window-top -->
            <div class="main-panel-content rounded-window-bottom">
              <div class="method">
                <div class="method-content">
                  <a name="verifyThereIsNoNullTextProvided">
                  </a> <!-- verifyThereIsNoNullTextProvided -->
                  <span class="method-name">verifyThereIsNoNullTextProvided</span>
                </div> <!-- method-content -->
              </div> <!-- method -->
              <div class="method">
                <div class="method-content">
                  <a name="verifyThereIsNoNullTextProvidedMSGonFail">
                  </a> <!-- verifyThereIsNoNullTextProvidedMSGonFail -->
                  <span class="method-name">verifyThereIsNoNullTextProvidedMSGonFail</span>
                </div> <!-- method-content -->
              </div> <!-- method -->
            </div> <!-- main-panel-content rounded-window-bottom -->
          </div> <!-- suite-All_Test_Suite-class-passed -->
          <div class="suite-All_Test_Suite-class-passed">
            <div class="main-panel-header rounded-window-top">
              <img src="passed.png"/>
              <span class="class-name">com.n3qa.lecture14.testng.a1_assertions.AssertFalseDemonstration</span>
            </div> <!-- main-panel-header rounded-window-top -->
            <div class="main-panel-content rounded-window-bottom">
              <div class="method">
                <div class="method-content">
                  <a name="verifyFirstProvidedNumberIsBiggerThanTheSecondProvidedNumber">
                  </a> <!-- verifyFirstProvidedNumberIsBiggerThanTheSecondProvidedNumber -->
                  <span class="method-name">verifyFirstProvidedNumberIsBiggerThanTheSecondProvidedNumber</span>
                </div> <!-- method-content -->
              </div> <!-- method -->
            </div> <!-- main-panel-content rounded-window-bottom -->
          </div> <!-- suite-All_Test_Suite-class-passed -->
          <div class="suite-All_Test_Suite-class-passed">
            <div class="main-panel-header rounded-window-top">
              <img src="passed.png"/>
              <span class="class-name">com.n3qa.lecture14.testng.a4_dependings.DependencyDemonstration</span>
            </div> <!-- main-panel-header rounded-window-top -->
            <div class="main-panel-content rounded-window-bottom">
              <div class="method">
                <div class="method-content">
                  <a name="verifyCarEngineCanStart">
                  </a> <!-- verifyCarEngineCanStart -->
                  <span class="method-name">verifyCarEngineCanStart</span>
                </div> <!-- method-content -->
              </div> <!-- method -->
              <div class="method">
                <div class="method-content">
                  <a name="verifyFrontTyresDirectionControlledByCarWheelMovement">
                  </a> <!-- verifyFrontTyresDirectionControlledByCarWheelMovement -->
                  <span class="method-name">verifyFrontTyresDirectionControlledByCarWheelMovement</span>
                </div> <!-- method-content -->
              </div> <!-- method -->
              <div class="method">
                <div class="method-content">
                  <a name="verifyUserCanDecreaseSpeedLevelByGasPedal">
                  </a> <!-- verifyUserCanDecreaseSpeedLevelByGasPedal -->
                  <span class="method-name">verifyUserCanDecreaseSpeedLevelByGasPedal</span>
                </div> <!-- method-content -->
              </div> <!-- method -->
              <div class="method">
                <div class="method-content">
                  <a name="verifyUserCanIncreaseSpeedLevelByGasPedal">
                  </a> <!-- verifyUserCanIncreaseSpeedLevelByGasPedal -->
                  <span class="method-name">verifyUserCanIncreaseSpeedLevelByGasPedal</span>
                </div> <!-- method-content -->
              </div> <!-- method -->
            </div> <!-- main-panel-content rounded-window-bottom -->
          </div> <!-- suite-All_Test_Suite-class-passed -->
          <div class="suite-All_Test_Suite-class-passed">
            <div class="main-panel-header rounded-window-top">
              <img src="passed.png"/>
              <span class="class-name">com.n3qa.lecture14.testng.a1_assertions.HardAssertExample</span>
            </div> <!-- main-panel-header rounded-window-top -->
            <div class="main-panel-content rounded-window-bottom">
              <div class="method">
                <div class="method-content">
                  <a name="myTestTwo">
                  </a> <!-- myTestTwo -->
                  <span class="method-name">myTestTwo</span>
                </div> <!-- method-content -->
              </div> <!-- method -->
            </div> <!-- main-panel-content rounded-window-bottom -->
          </div> <!-- suite-All_Test_Suite-class-passed -->
          <div class="suite-All_Test_Suite-class-passed">
            <div class="main-panel-header rounded-window-top">
              <img src="passed.png"/>
              <span class="class-name">com.n3qa.lecture14.testng.a1_assertions.AssertNotSameExample</span>
            </div> <!-- main-panel-header rounded-window-top -->
            <div class="main-panel-content rounded-window-bottom">
              <div class="method">
                <div class="method-content">
                  <a name="verifyTheProvidedTextsAreNotTheSame">
                  </a> <!-- verifyTheProvidedTextsAreNotTheSame -->
                  <span class="method-name">verifyTheProvidedTextsAreNotTheSame</span>
                </div> <!-- method-content -->
              </div> <!-- method -->
              <div class="method">
                <div class="method-content">
                  <a name="verifyTheProvidedTextsAreNotTheSameMSGonFail">
                  </a> <!-- verifyTheProvidedTextsAreNotTheSameMSGonFail -->
                  <span class="method-name">verifyTheProvidedTextsAreNotTheSameMSGonFail</span>
                </div> <!-- method-content -->
              </div> <!-- method -->
            </div> <!-- main-panel-content rounded-window-bottom -->
          </div> <!-- suite-All_Test_Suite-class-passed -->
          <div class="suite-All_Test_Suite-class-passed">
            <div class="main-panel-header rounded-window-top">
              <img src="passed.png"/>
              <span class="class-name">com.n3qa.lecture14.testng.a3_prio.PriorityDemonstration</span>
            </div> <!-- main-panel-header rounded-window-top -->
            <div class="main-panel-content rounded-window-bottom">
              <div class="method">
                <div class="method-content">
                  <a name="firstPriorityTestCase">
                  </a> <!-- firstPriorityTestCase -->
                  <span class="method-name">firstPriorityTestCase</span>
                </div> <!-- method-content -->
              </div> <!-- method -->
              <div class="method">
                <div class="method-content">
                  <a name="secondPriorityTestCase">
                  </a> <!-- secondPriorityTestCase -->
                  <span class="method-name">secondPriorityTestCase</span>
                </div> <!-- method-content -->
              </div> <!-- method -->
              <div class="method">
                <div class="method-content">
                  <a name="thirdPriorityTestCase">
                  </a> <!-- thirdPriorityTestCase -->
                  <span class="method-name">thirdPriorityTestCase</span>
                </div> <!-- method-content -->
              </div> <!-- method -->
            </div> <!-- main-panel-content rounded-window-bottom -->
          </div> <!-- suite-All_Test_Suite-class-passed -->
        </div> <!-- panel All_Test_Suite -->
        <div panel-name="test-xml-All_Test_Suite" class="panel">
          <div class="main-panel-header rounded-window-top">
            <span class="header-content">C:\CODE\SKILLO\AT_18\TestNGMVN_Demo\TestNG_MVN_DEMo\testng.xml</span>
          </div> <!-- main-panel-header rounded-window-top -->
          <div class="main-panel-content rounded-window-bottom">
            <pre>
&lt;?xml version=&quot;1.0&quot; encoding=&quot;UTF-8&quot;?&gt;
&lt;!DOCTYPE suite SYSTEM &quot;https://testng.org/testng-1.0.dtd&quot;&gt;
&lt;suite name=&quot;All Test Suite&quot; guice-stage=&quot;DEVELOPMENT&quot; verbose=&quot;0&quot;&gt;
  &lt;test thread-count=&quot;5&quot; name=&quot;C:/CODE/SKILLO/AT_18/TestNGMVN_Demo/TestNG_MVN_DEMo&quot; verbose=&quot;2&quot;&gt;
    &lt;classes&gt;
      &lt;class name=&quot;com.n3qa.lecture14.testng.a1_assertions.AssertEqualsDemonstration&quot;&gt;
        &lt;methods&gt;
          &lt;include name=&quot;verifyTheCalculationsAreTheSome&quot;/&gt;
          &lt;include name=&quot;verifyTheDoulbeNumberAreTheSome&quot;/&gt;
          &lt;include name=&quot;verifyTheWordsAreTheSome&quot;/&gt;
          &lt;include name=&quot;verifyTheFirstNumberIsBigger&quot;/&gt;
        &lt;/methods&gt;
      &lt;/class&gt; &lt;!-- com.n3qa.lecture14.testng.a1_assertions.AssertEqualsDemonstration --&gt;
      &lt;class name=&quot;com.n3qa.lecture14.testng.a1_assertions.AssertFalseDemonstration&quot;&gt;
        &lt;methods&gt;
          &lt;include name=&quot;verifyFirstProvidedNumberIsBiggerThanTheSecondProvidedNumber&quot;/&gt;
        &lt;/methods&gt;
      &lt;/class&gt; &lt;!-- com.n3qa.lecture14.testng.a1_assertions.AssertFalseDemonstration --&gt;
      &lt;class name=&quot;com.n3qa.lecture14.testng.a1_assertions.AssertNotNullDemonstration&quot;&gt;
        &lt;methods&gt;
          &lt;include name=&quot;verifyThereIsNoNullTextProvided&quot;/&gt;
          &lt;include name=&quot;verifyThereIsNoNullTextProvidedMSGonFail&quot;/&gt;
          &lt;include name=&quot;verifyProvidedTextIsNotNull_FAIL&quot;/&gt;
          &lt;include name=&quot;verifyProvidedTextIsNotNull_FAIL_With_MSG&quot;/&gt;
        &lt;/methods&gt;
      &lt;/class&gt; &lt;!-- com.n3qa.lecture14.testng.a1_assertions.AssertNotNullDemonstration --&gt;
      &lt;class name=&quot;com.n3qa.lecture14.testng.a1_assertions.AssertNotSameExample&quot;&gt;
        &lt;methods&gt;
          &lt;include name=&quot;verifyTheProvidedTextsAreNotTheSame&quot;/&gt;
          &lt;include name=&quot;verifyTheProvidedTextsAreNotTheSameMSGonFail&quot;/&gt;
        &lt;/methods&gt;
      &lt;/class&gt; &lt;!-- com.n3qa.lecture14.testng.a1_assertions.AssertNotSameExample --&gt;
      &lt;class name=&quot;com.n3qa.lecture14.testng.a1_assertions.HardAssertExample&quot;&gt;
        &lt;methods&gt;
          &lt;include name=&quot;myTest&quot;/&gt;
          &lt;include name=&quot;myTestTwo&quot;/&gt;
        &lt;/methods&gt;
      &lt;/class&gt; &lt;!-- com.n3qa.lecture14.testng.a1_assertions.HardAssertExample --&gt;
      &lt;class name=&quot;com.n3qa.lecture14.testng.a1_assertions.HardAssertTryCatchExample&quot;&gt;
        &lt;methods&gt;
          &lt;include name=&quot;myTest&quot;/&gt;
          &lt;include name=&quot;myTestTwo&quot;/&gt;
        &lt;/methods&gt;
      &lt;/class&gt; &lt;!-- com.n3qa.lecture14.testng.a1_assertions.HardAssertTryCatchExample --&gt;
      &lt;class name=&quot;com.n3qa.lecture14.testng.a1_assertions.SoftAssertExample&quot;&gt;
        &lt;methods&gt;
          &lt;include name=&quot;myTest&quot;/&gt;
          &lt;include name=&quot;myTestTwo&quot;/&gt;
        &lt;/methods&gt;
      &lt;/class&gt; &lt;!-- com.n3qa.lecture14.testng.a1_assertions.SoftAssertExample --&gt;
      &lt;class name=&quot;com.n3qa.lecture14.testng.a2_annotations.before.LoginFeature&quot;&gt;
        &lt;methods&gt;
          &lt;include name=&quot;verifyUserCanUpdateProfileGenderInformation&quot;/&gt;
          &lt;include name=&quot;verifyUserCanCreateANewPost&quot;/&gt;
        &lt;/methods&gt;
      &lt;/class&gt; &lt;!-- com.n3qa.lecture14.testng.a2_annotations.before.LoginFeature --&gt;
      &lt;class name=&quot;com.n3qa.lecture14.testng.a2_annotations.before.PostFeature&quot;&gt;
        &lt;methods&gt;
          &lt;include name=&quot;verifyUserCanUpdateProfileGenderInformation&quot;/&gt;
          &lt;include name=&quot;verifyUserCanCreateANewPost&quot;/&gt;
        &lt;/methods&gt;
      &lt;/class&gt; &lt;!-- com.n3qa.lecture14.testng.a2_annotations.before.PostFeature --&gt;
      &lt;class name=&quot;com.n3qa.lecture14.testng.a3_prio.PriorityDemonstration&quot;&gt;
        &lt;methods&gt;
          &lt;include name=&quot;firstPriorityTestCase&quot;/&gt;
          &lt;include name=&quot;secondPriorityTestCase&quot;/&gt;
          &lt;include name=&quot;thirdPriorityTestCase&quot;/&gt;
        &lt;/methods&gt;
      &lt;/class&gt; &lt;!-- com.n3qa.lecture14.testng.a3_prio.PriorityDemonstration --&gt;
      &lt;class name=&quot;com.n3qa.lecture14.testng.a4_dependings.DependencyDemonstration&quot;&gt;
        &lt;methods&gt;
          &lt;include name=&quot;verifyCarEngineCanStart&quot;/&gt;
          &lt;include name=&quot;verifyUserCanIncreaseSpeedLevelByGasPedal&quot;/&gt;
          &lt;include name=&quot;verifyUserCanDecreaseSpeedLevelByGasPedal&quot;/&gt;
          &lt;include name=&quot;verifyFrontTyresDirectionControlledByCarWheelMovement&quot;/&gt;
        &lt;/methods&gt;
      &lt;/class&gt; &lt;!-- com.n3qa.lecture14.testng.a4_dependings.DependencyDemonstration --&gt;
      &lt;class name=&quot;com.n3qa.lecture14.testng.a5_grouping.SecondGroupingDemonstration&quot;&gt;
        &lt;methods&gt;
          &lt;include name=&quot;someTestCaseLivesHere&quot;/&gt;
        &lt;/methods&gt;
      &lt;/class&gt; &lt;!-- com.n3qa.lecture14.testng.a5_grouping.SecondGroupingDemonstration --&gt;
    &lt;/classes&gt;
  &lt;/test&gt; &lt;!-- C:/CODE/SKILLO/AT_18/TestNGMVN_Demo/TestNG_MVN_DEMo --&gt;
&lt;/suite&gt; &lt;!-- All Test Suite --&gt;
            </pre>
          </div> <!-- main-panel-content rounded-window-bottom -->
        </div> <!-- panel -->
        <div panel-name="testlist-All_Test_Suite" class="panel">
          <div class="main-panel-header rounded-window-top">
            <span class="header-content">Tests for All Test Suite</span>
          </div> <!-- main-panel-header rounded-window-top -->
          <div class="main-panel-content rounded-window-bottom">
            <ul>
              <li>
                <span class="test-name">C:/CODE/SKILLO/AT_18/TestNGMVN_Demo/TestNG_MVN_DEMo (12 classes)</span>
              </li>
            </ul>
          </div> <!-- main-panel-content rounded-window-bottom -->
        </div> <!-- panel -->
        <div panel-name="group-All_Test_Suite" class="panel">
          <div class="main-panel-header rounded-window-top">
            <span class="header-content">Groups for All Test Suite</span>
          </div> <!-- main-panel-header rounded-window-top -->
          <div class="main-panel-content rounded-window-bottom">
            <div class="test-group">
              <span class="test-group-name">breakfast</span>
              <br/>
              <div class="method-in-group">
                <span class="method-in-group-name">someTestCaseLivesHere</span>
                <br/>
              </div> <!-- method-in-group -->
            </div> <!-- test-group -->
          </div> <!-- main-panel-content rounded-window-bottom -->
        </div> <!-- panel -->
        <div panel-name="times-All_Test_Suite" class="panel">
          <div class="main-panel-header rounded-window-top">
            <span class="header-content">Times for All Test Suite</span>
          </div> <!-- main-panel-header rounded-window-top -->
          <div class="main-panel-content rounded-window-bottom">
            <div class="times-div">
              <script type="text/javascript">
suiteTableInitFunctions.push('tableData_All_Test_Suite');
function tableData_All_Test_Suite() {
var data = new google.visualization.DataTable();
data.addColumn('number', 'Number');
data.addColumn('string', 'Method');
data.addColumn('string', 'Class');
data.addColumn('number', 'Time (ms)');
data.addRows(29);
data.setCell(0, 0, 0)
data.setCell(0, 1, 'verifyTheCalculationsAreTheSome')
data.setCell(0, 2, 'com.n3qa.lecture14.testng.a1_assertions.AssertEqualsDemonstration')
data.setCell(0, 3, 13);
data.setCell(1, 0, 1)
data.setCell(1, 1, 'myTest')
data.setCell(1, 2, 'com.n3qa.lecture14.testng.a1_assertions.SoftAssertExample')
data.setCell(1, 3, 6);
data.setCell(2, 0, 2)
data.setCell(2, 1, 'myTest')
data.setCell(2, 2, 'com.n3qa.lecture14.testng.a1_assertions.HardAssertExample')
data.setCell(2, 3, 6);
data.setCell(3, 0, 3)
data.setCell(3, 1, 'verifyUserCanUpdateProfileGenderInformation')
data.setCell(3, 2, 'com.n3qa.lecture14.testng.a2_annotations.before.PostFeature')
data.setCell(3, 3, 2);
data.setCell(4, 0, 4)
data.setCell(4, 1, 'verifyUserCanUpdateProfileGenderInformation')
data.setCell(4, 2, 'com.n3qa.lecture14.testng.a2_annotations.before.LoginFeature')
data.setCell(4, 3, 2);
data.setCell(5, 0, 5)
data.setCell(5, 1, 'verifyUserCanCreateANewPost')
data.setCell(5, 2, 'com.n3qa.lecture14.testng.a2_annotations.before.LoginFeature')
data.setCell(5, 3, 2);
data.setCell(6, 0, 6)
data.setCell(6, 1, 'verifyFirstProvidedNumberIsBiggerThanTheSecondProvidedNumber')
data.setCell(6, 2, 'com.n3qa.lecture14.testng.a1_assertions.AssertFalseDemonstration')
data.setCell(6, 3, 2);
data.setCell(7, 0, 7)
data.setCell(7, 1, 'verifyUserCanDecreaseSpeedLevelByGasPedal')
data.setCell(7, 2, 'com.n3qa.lecture14.testng.a4_dependings.DependencyDemonstration')
data.setCell(7, 3, 2);
data.setCell(8, 0, 8)
data.setCell(8, 1, 'myTestTwo')
data.setCell(8, 2, 'com.n3qa.lecture14.testng.a1_assertions.HardAssertTryCatchExample')
data.setCell(8, 3, 2);
data.setCell(9, 0, 9)
data.setCell(9, 1, 'verifyUserCanIncreaseSpeedLevelByGasPedal')
data.setCell(9, 2, 'com.n3qa.lecture14.testng.a4_dependings.DependencyDemonstration')
data.setCell(9, 3, 2);
data.setCell(10, 0, 10)
data.setCell(10, 1, 'someTestCaseLivesHere')
data.setCell(10, 2, 'com.n3qa.lecture14.testng.a5_grouping.SecondGroupingDemonstration')
data.setCell(10, 3, 2);
data.setCell(11, 0, 11)
data.setCell(11, 1, 'verifyCarEngineCanStart')
data.setCell(11, 2, 'com.n3qa.lecture14.testng.a4_dependings.DependencyDemonstration')
data.setCell(11, 3, 2);
data.setCell(12, 0, 12)
data.setCell(12, 1, 'verifyUserCanCreateANewPost')
data.setCell(12, 2, 'com.n3qa.lecture14.testng.a2_annotations.before.PostFeature')
data.setCell(12, 3, 2);
data.setCell(13, 0, 13)
data.setCell(13, 1, 'verifyTheDoulbeNumberAreTheSome')
data.setCell(13, 2, 'com.n3qa.lecture14.testng.a1_assertions.AssertEqualsDemonstration')
data.setCell(13, 3, 2);
data.setCell(14, 0, 14)
data.setCell(14, 1, 'secondPriorityTestCase')
data.setCell(14, 2, 'com.n3qa.lecture14.testng.a3_prio.PriorityDemonstration')
data.setCell(14, 3, 1);
data.setCell(15, 0, 15)
data.setCell(15, 1, 'firstPriorityTestCase')
data.setCell(15, 2, 'com.n3qa.lecture14.testng.a3_prio.PriorityDemonstration')
data.setCell(15, 3, 1);
data.setCell(16, 0, 16)
data.setCell(16, 1, 'verifyFrontTyresDirectionControlledByCarWheelMovement')
data.setCell(16, 2, 'com.n3qa.lecture14.testng.a4_dependings.DependencyDemonstration')
data.setCell(16, 3, 1);
data.setCell(17, 0, 17)
data.setCell(17, 1, 'verifyTheProvidedTextsAreNotTheSameMSGonFail')
data.setCell(17, 2, 'com.n3qa.lecture14.testng.a1_assertions.AssertNotSameExample')
data.setCell(17, 3, 1);
data.setCell(18, 0, 18)
data.setCell(18, 1, 'verifyThereIsNoNullTextProvided')
data.setCell(18, 2, 'com.n3qa.lecture14.testng.a1_assertions.AssertNotNullDemonstration')
data.setCell(18, 3, 1);
data.setCell(19, 0, 19)
data.setCell(19, 1, 'verifyTheFirstNumberIsBigger')
data.setCell(19, 2, 'com.n3qa.lecture14.testng.a1_assertions.AssertEqualsDemonstration')
data.setCell(19, 3, 1);
data.setCell(20, 0, 20)
data.setCell(20, 1, 'verifyTheWordsAreTheSome')
data.setCell(20, 2, 'com.n3qa.lecture14.testng.a1_assertions.AssertEqualsDemonstration')
data.setCell(20, 3, 1);
data.setCell(21, 0, 21)
data.setCell(21, 1, 'myTest')
data.setCell(21, 2, 'com.n3qa.lecture14.testng.a1_assertions.HardAssertTryCatchExample')
data.setCell(21, 3, 0);
data.setCell(22, 0, 22)
data.setCell(22, 1, 'thirdPriorityTestCase')
data.setCell(22, 2, 'com.n3qa.lecture14.testng.a3_prio.PriorityDemonstration')
data.setCell(22, 3, 0);
data.setCell(23, 0, 23)
data.setCell(23, 1, 'verifyTheProvidedTextsAreNotTheSame')
data.setCell(23, 2, 'com.n3qa.lecture14.testng.a1_assertions.AssertNotSameExample')
data.setCell(23, 3, 0);
data.setCell(24, 0, 24)
data.setCell(24, 1, 'myTestTwo')
data.setCell(24, 2, 'com.n3qa.lecture14.testng.a1_assertions.HardAssertExample')
data.setCell(24, 3, 0);
data.setCell(25, 0, 25)
data.setCell(25, 1, 'myTestTwo')
data.setCell(25, 2, 'com.n3qa.lecture14.testng.a1_assertions.SoftAssertExample')
data.setCell(25, 3, 0);
data.setCell(26, 0, 26)
data.setCell(26, 1, 'verifyThereIsNoNullTextProvidedMSGonFail')
data.setCell(26, 2, 'com.n3qa.lecture14.testng.a1_assertions.AssertNotNullDemonstration')
data.setCell(26, 3, 0);
data.setCell(27, 0, 27)
data.setCell(27, 1, 'verifyProvidedTextIsNotNull_FAIL')
data.setCell(27, 2, 'com.n3qa.lecture14.testng.a1_assertions.AssertNotNullDemonstration')
data.setCell(27, 3, 0);
data.setCell(28, 0, 28)
data.setCell(28, 1, 'verifyProvidedTextIsNotNull_FAIL_With_MSG')
data.setCell(28, 2, 'com.n3qa.lecture14.testng.a1_assertions.AssertNotNullDemonstration')
data.setCell(28, 3, 0);
window.suiteTableData['All_Test_Suite']= { tableData: data, tableDiv: 'times-div-All_Test_Suite'}
return data;
}
              </script>
              <span class="suite-total-time">Total running time: 54 ms</span>
              <div id="times-div-All_Test_Suite">
              </div> <!-- times-div-All_Test_Suite -->
            </div> <!-- times-div -->
          </div> <!-- main-panel-content rounded-window-bottom -->
        </div> <!-- panel -->
        <div panel-name="reporter-All_Test_Suite" class="panel">
          <div class="main-panel-header rounded-window-top">
            <span class="header-content">Reporter output for All Test Suite</span>
          </div> <!-- main-panel-header rounded-window-top -->
          <div class="main-panel-content rounded-window-bottom">
          </div> <!-- main-panel-content rounded-window-bottom -->
        </div> <!-- panel -->
        <div panel-name="ignored-methods-All_Test_Suite" class="panel">
          <div class="main-panel-header rounded-window-top">
            <span class="header-content">1 ignored method</span>
          </div> <!-- main-panel-header rounded-window-top -->
          <div class="main-panel-content rounded-window-bottom">
            <div class="ignored-class-div">
              <span class="ignored-class-name">com.n3qa.lecture14.testng.a4_dependings.DependencyDemonstration</span>
              <div class="ignored-methods-div">
                <span class="ignored-method-name">verifyUserCanDriveCar</span>
                <br/>
              </div> <!-- ignored-methods-div -->
            </div> <!-- ignored-class-div -->
          </div> <!-- main-panel-content rounded-window-bottom -->
        </div> <!-- panel -->
        <div panel-name="chronological-All_Test_Suite" class="panel">
          <div class="main-panel-header rounded-window-top">
            <span class="header-content">Methods in chronological order</span>
          </div> <!-- main-panel-header rounded-window-top -->
          <div class="main-panel-content rounded-window-bottom">
            <div class="chronological-class">
              <div class="chronological-class-name">com.n3qa.lecture14.testng.a1_assertions.AssertEqualsDemonstration</div> <!-- chronological-class-name -->
              <div class="test-method">
                <img src="failed.png">
                </img>
                <span class="method-name">verifyTheCalculationsAreTheSome</span>
                <span class="method-start">0 ms</span>
              </div> <!-- test-method -->
              <div class="test-method">
                <img src="failed.png">
                </img>
                <span class="method-name">verifyTheDoulbeNumberAreTheSome</span>
                <span class="method-start">25 ms</span>
              </div> <!-- test-method -->
              <div class="test-method">
                <img src="failed.png">
                </img>
                <span class="method-name">verifyTheFirstNumberIsBigger</span>
                <span class="method-start">29 ms</span>
              </div> <!-- test-method -->
              <div class="test-method">
                <img src="failed.png">
                </img>
                <span class="method-name">verifyTheWordsAreTheSome</span>
                <span class="method-start">33 ms</span>
              </div> <!-- test-method -->
            </div> <!-- chronological-class -->
            <div class="chronological-class">
              <div class="chronological-class-name">com.n3qa.lecture14.testng.a1_assertions.AssertFalseDemonstration</div> <!-- chronological-class-name -->
              <div class="test-method">
                <span class="method-name">verifyFirstProvidedNumberIsBiggerThanTheSecondProvidedNumber</span>
                <span class="method-start">37 ms</span>
              </div> <!-- test-method -->
            </div> <!-- chronological-class -->
            <div class="chronological-class">
              <div class="chronological-class-name">com.n3qa.lecture14.testng.a1_assertions.AssertNotNullDemonstration</div> <!-- chronological-class-name -->
              <div class="test-method">
                <img src="failed.png">
                </img>
                <span class="method-name">verifyProvidedTextIsNotNull_FAIL</span>
                <span class="method-start">41 ms</span>
              </div> <!-- test-method -->
              <div class="test-method">
                <img src="failed.png">
                </img>
                <span class="method-name">verifyProvidedTextIsNotNull_FAIL_With_MSG</span>
                <span class="method-start">43 ms</span>
              </div> <!-- test-method -->
              <div class="test-method">
                <span class="method-name">verifyThereIsNoNullTextProvided</span>
                <span class="method-start">44 ms</span>
              </div> <!-- test-method -->
              <div class="test-method">
                <span class="method-name">verifyThereIsNoNullTextProvidedMSGonFail</span>
                <span class="method-start">46 ms</span>
              </div> <!-- test-method -->
            </div> <!-- chronological-class -->
            <div class="chronological-class">
              <div class="chronological-class-name">com.n3qa.lecture14.testng.a1_assertions.AssertNotSameExample</div> <!-- chronological-class-name -->
              <div class="test-method">
                <span class="method-name">verifyTheProvidedTextsAreNotTheSame</span>
                <span class="method-start">48 ms</span>
              </div> <!-- test-method -->
              <div class="test-method">
                <span class="method-name">verifyTheProvidedTextsAreNotTheSameMSGonFail</span>
                <span class="method-start">50 ms</span>
              </div> <!-- test-method -->
            </div> <!-- chronological-class -->
            <div class="chronological-class">
              <div class="chronological-class-name">com.n3qa.lecture14.testng.a1_assertions.HardAssertExample</div> <!-- chronological-class-name -->
              <div class="test-method">
                <img src="failed.png">
                </img>
                <span class="method-name">myTest</span>
                <span class="method-start">53 ms</span>
              </div> <!-- test-method -->
              <div class="test-method">
                <span class="method-name">myTestTwo</span>
                <span class="method-start">61 ms</span>
              </div> <!-- test-method -->
            </div> <!-- chronological-class -->
            <div class="chronological-class">
              <div class="chronological-class-name">com.n3qa.lecture14.testng.a1_assertions.HardAssertTryCatchExample</div> <!-- chronological-class-name -->
              <div class="test-method">
                <span class="method-name">myTest</span>
                <span class="method-start">64 ms</span>
              </div> <!-- test-method -->
              <div class="test-method">
                <span class="method-name">myTestTwo</span>
                <span class="method-start">65 ms</span>
              </div> <!-- test-method -->
            </div> <!-- chronological-class -->
            <div class="chronological-class">
              <div class="chronological-class-name">com.n3qa.lecture14.testng.a1_assertions.SoftAssertExample</div> <!-- chronological-class-name -->
              <div class="test-method">
                <img src="failed.png">
                </img>
                <span class="method-name">myTest</span>
                <span class="method-start">69 ms</span>
              </div> <!-- test-method -->
              <div class="test-method">
                <span class="method-name">myTestTwo</span>
                <span class="method-start">78 ms</span>
              </div> <!-- test-method -->
            </div> <!-- chronological-class -->
            <div class="chronological-class">
              <div class="chronological-class-name">com.n3qa.lecture14.testng.a2_annotations.before.LoginFeature</div> <!-- chronological-class-name -->
              <div class="configuration-class before">
                <span class="method-name">buildPaths</span>
                <span class="method-start">80 ms</span>
              </div> <!-- configuration-class before -->
              <div class="configuration-method before">
                <span class="method-name">provideBrowserCleanState</span>
                <span class="method-start">86 ms</span>
              </div> <!-- configuration-method before -->
              <div class="test-method">
                <span class="method-name">verifyUserCanCreateANewPost</span>
                <span class="method-start">88 ms</span>
              </div> <!-- test-method -->
              <div class="configuration-method after">
                <span class="method-name">getSceenShotsFromExec</span>
                <span class="method-start">91 ms</span>
              </div> <!-- configuration-method after -->
              <div class="configuration-method before">
                <span class="method-name">provideBrowserCleanState</span>
                <span class="method-start">93 ms</span>
              </div> <!-- configuration-method before -->
              <div class="test-method">
                <span class="method-name">verifyUserCanUpdateProfileGenderInformation</span>
                <span class="method-start">94 ms</span>
              </div> <!-- test-method -->
              <div class="configuration-method after">
                <span class="method-name">getSceenShotsFromExec</span>
                <span class="method-start">98 ms</span>
              </div> <!-- configuration-method after -->
            </div> <!-- chronological-class -->
            <div class="chronological-class">
              <div class="chronological-class-name">com.n3qa.lecture14.testng.a2_annotations.before.PostFeature</div> <!-- chronological-class-name -->
              <div class="configuration-method before">
                <span class="method-name">clearCookies</span>
                <span class="method-start">101 ms</span>
              </div> <!-- configuration-method before -->
              <div class="test-method">
                <span class="method-name">verifyUserCanCreateANewPost</span>
                <span class="method-start">103 ms</span>
              </div> <!-- test-method -->
              <div class="configuration-method before">
                <span class="method-name">clearCookies</span>
                <span class="method-start">111 ms</span>
              </div> <!-- configuration-method before -->
              <div class="test-method">
                <span class="method-name">verifyUserCanUpdateProfileGenderInformation</span>
                <span class="method-start">113 ms</span>
              </div> <!-- test-method -->
            </div> <!-- chronological-class -->
            <div class="chronological-class">
              <div class="chronological-class-name">com.n3qa.lecture14.testng.a3_prio.PriorityDemonstration</div> <!-- chronological-class-name -->
              <div class="test-method">
                <span class="method-name">firstPriorityTestCase</span>
                <span class="method-start">117 ms</span>
              </div> <!-- test-method -->
              <div class="test-method">
                <span class="method-name">secondPriorityTestCase</span>
                <span class="method-start">119 ms</span>
              </div> <!-- test-method -->
              <div class="test-method">
                <span class="method-name">thirdPriorityTestCase</span>
                <span class="method-start">121 ms</span>
              </div> <!-- test-method -->
            </div> <!-- chronological-class -->
            <div class="chronological-class">
              <div class="chronological-class-name">com.n3qa.lecture14.testng.a4_dependings.DependencyDemonstration</div> <!-- chronological-class-name -->
              <div class="test-method">
                <span class="method-name">verifyCarEngineCanStart</span>
                <span class="method-start">121 ms</span>
              </div> <!-- test-method -->
              <div class="test-method">
                <span class="method-name">verifyFrontTyresDirectionControlledByCarWheelMovement</span>
                <span class="method-start">124 ms</span>
              </div> <!-- test-method -->
              <div class="test-method">
                <span class="method-name">verifyUserCanIncreaseSpeedLevelByGasPedal</span>
                <span class="method-start">134 ms</span>
              </div> <!-- test-method -->
              <div class="test-method">
                <span class="method-name">verifyUserCanDecreaseSpeedLevelByGasPedal</span>
                <span class="method-start">138 ms</span>
              </div> <!-- test-method -->
            </div> <!-- chronological-class -->
            <div class="chronological-class">
              <div class="chronological-class-name">com.n3qa.lecture14.testng.a5_grouping.SecondGroupingDemonstration</div> <!-- chronological-class-name -->
              <div class="test-method">
                <span class="method-name">someTestCaseLivesHere</span>
                <span class="method-start">144 ms</span>
              </div> <!-- test-method -->
          </div> <!-- main-panel-content rounded-window-bottom -->
        </div> <!-- panel -->
      </div> <!-- main-panel-root -->
    </div> <!-- wrapper -->
  </body>
<script type="text/javascript" src="testng-reports2.js"></script>
</html>
